{
  "RSpec": {
    "coverage": {
      "/Users/cpcwood/OneDrive/Documents/Coding/Projects/skills-workshops/others/process_review/exercises/echo/spec/echo_spec.rb": [
        1,
        null,
        1,
        1,
        1,
        1,
        1,
        null,
        null,
        null,
        1,
        1,
        1,
        1,
        null,
        1,
        1,
        1,
        null,
        null,
        null,
        1,
        1,
        1,
        1,
        1,
        null,
        null,
        null,
        1,
        1,
        1,
        null,
        null,
        null,
        1,
        1,
        1,
        1,
        1,
        1,
        1,
        1,
        1,
        null,
        null,
        null
      ],
      "/Users/cpcwood/OneDrive/Documents/Coding/Projects/skills-workshops/others/process_review/exercises/echo/lib/echo.rb": [
        null,
        1,
        1,
        3,
        null,
        null,
        1,
        4,
        null,
        null,
        1,
        2,
        null,
        null,
        1,
        3,
        null,
        null,
        1,
        1,
        2,
        2,
        2,
        1,
        null,
        1,
        null,
        null
      ]
    },
    "timestamp": 1581373587
  }
}
